<?xml version="1.0" encoding="UTF-8" ?>
<testsuite tests="33" failures="0" name="edu.uw.cs.FlightServiceTest" time="244" errors="0" skipped="0">
  <properties>
[...]
</properties>
  <testcase classname="edu.uw.cs.FlightServiceTest" name="runTest[0]" time="8.905"/>
  <testcase classname="edu.uw.cs.FlightServiceTest" name="runTest[1]" time="13.119"/>
  <testcase classname="edu.uw.cs.FlightServiceTest" name="runTest[2]" time="13.567"/>
  <testcase classname="edu.uw.cs.FlightServiceTest" name="runTest[3]" time="6.274"/>
  <testcase classname="edu.uw.cs.FlightServiceTest" name="runTest[4]" time="6.917"/>
  <testcase classname="edu.uw.cs.FlightServiceTest" name="runTest[5]" time="7.214"/>
  <testcase classname="edu.uw.cs.FlightServiceTest" name="runTest[6]" time="8.134"/>
  <testcase classname="edu.uw.cs.FlightServiceTest" name="runTest[7]" time="7.53"/>
  <testcase classname="edu.uw.cs.FlightServiceTest" name="runTest[8]" time="15.925"/>
  <testcase classname="edu.uw.cs.FlightServiceTest" name="runTest[9]" time="7.61"/>
  <testcase classname="edu.uw.cs.FlightServiceTest" name="runTest[10]" time="3.539"/>
  <testcase classname="edu.uw.cs.FlightServiceTest" name="runTest[11]" time="4.034"/>
  <testcase classname="edu.uw.cs.FlightServiceTest" name="runTest[12]" time="3.639"/>
  <testcase classname="edu.uw.cs.FlightServiceTest" name="runTest[13]" time="3.038"/>
  <testcase classname="edu.uw.cs.FlightServiceTest" name="runTest[14]" time="4.168"/>
  <testcase classname="edu.uw.cs.FlightServiceTest" name="runTest[15]" time="3.899"/>
  <testcase classname="edu.uw.cs.FlightServiceTest" name="runTest[16]" time="3.934"/>
  <testcase classname="edu.uw.cs.FlightServiceTest" name="runTest[17]" time="3.347"/>
  <testcase classname="edu.uw.cs.FlightServiceTest" name="runTest[18]" time="7.469"/>
  <testcase classname="edu.uw.cs.FlightServiceTest" name="runTest[19]" time="7.772"/>
  <testcase classname="edu.uw.cs.FlightServiceTest" name="runTest[20]" time="7.226"/>
  <testcase classname="edu.uw.cs.FlightServiceTest" name="runTest[21]" time="7.149"/>
  <testcase classname="edu.uw.cs.FlightServiceTest" name="runTest[22]" time="7.43"/>
  <testcase classname="edu.uw.cs.FlightServiceTest" name="runTest[23]" time="6.508"/>
  <testcase classname="edu.uw.cs.FlightServiceTest" name="runTest[24]" time="7.035"/>
  <testcase classname="edu.uw.cs.FlightServiceTest" name="runTest[25]" time="6.896"/>
  <testcase classname="edu.uw.cs.FlightServiceTest" name="runTest[26]" time="7.041"/>
  <testcase classname="edu.uw.cs.FlightServiceTest" name="runTest[27]" time="6.741"/>
  <testcase classname="edu.uw.cs.FlightServiceTest" name="runTest[28]" time="6.454"/>
  <testcase classname="edu.uw.cs.FlightServiceTest" name="runTest[29]" time="14.13"/>
  <testcase classname="edu.uw.cs.FlightServiceTest" name="runTest[30]" time="7.063"/>
  <testcase classname="edu.uw.cs.FlightServiceTest" name="runTest[31]" time="13.824"/>
  <testcase classname="edu.uw.cs.FlightServiceTest" name="runTest[32]" time="6.469"/>
</testsuite>